<?xml version="1.0" encoding="UTF-8"?>
<coverage generated="1582666691653" clover="3.2.0">
  <project timestamp="1582666691654" name="All files">
    <metrics statements="48" coveredstatements="48" conditionals="10" coveredconditionals="8" methods="21" coveredmethods="21" elements="79" coveredelements="77" complexity="0" loc="48" ncloc="48" packages="1" files="9" classes="9"/>
    <file name="Calculator.js" path="C:\Users\Bryan B\PhpstormProjects\StatsCalculator\functions\Calculator.js">
      <metrics statements="10" coveredstatements="10" conditionals="2" coveredconditionals="2" methods="6" coveredmethods="6"/>
      <line num="1" count="2" type="stmt"/>
      <line num="5" count="3" type="cond" truecount="2" falsecount="0"/>
      <line num="6" count="2" type="stmt"/>
      <line num="8" count="1" type="stmt"/>
      <line num="12" count="2" type="stmt"/>
      <line num="15" count="2" type="stmt"/>
      <line num="18" count="1" type="stmt"/>
      <line num="21" count="1" type="stmt"/>
      <line num="24" count="1" type="stmt"/>
      <line num="27" count="2" type="stmt"/>
    </file>
    <file name="DescriptiveStatistics.js" path="C:\Users\Bryan B\PhpstormProjects\StatsCalculator\functions\DescriptiveStatistics.js">
      <metrics statements="6" coveredstatements="6" conditionals="0" coveredconditionals="0" methods="2" coveredmethods="2"/>
      <line num="1" count="1" type="stmt"/>
      <line num="5" count="1" type="stmt"/>
      <line num="8" count="1" type="stmt"/>
      <line num="9" count="1" type="stmt"/>
      <line num="10" count="1" type="stmt"/>
      <line num="14" count="1" type="stmt"/>
    </file>
    <file name="MathOperations.js" path="C:\Users\Bryan B\PhpstormProjects\StatsCalculator\functions\MathOperations.js">
      <metrics statements="15" coveredstatements="15" conditionals="4" coveredconditionals="3" methods="6" coveredmethods="6"/>
      <line num="1" count="3" type="stmt"/>
      <line num="2" count="3" type="stmt"/>
      <line num="3" count="3" type="stmt"/>
      <line num="4" count="3" type="stmt"/>
      <line num="5" count="3" type="stmt"/>
      <line num="6" count="3" type="stmt"/>
      <line num="10" count="5" type="cond" truecount="2" falsecount="0"/>
      <line num="11" count="3" type="stmt"/>
      <line num="13" count="2" type="stmt"/>
      <line num="17" count="2" type="stmt"/>
      <line num="20" count="3" type="stmt"/>
      <line num="23" count="3" type="stmt"/>
      <line num="26" count="2" type="stmt"/>
      <line num="29" count="2" type="stmt"/>
      <line num="33" count="3" type="stmt"/>
    </file>
    <file name="divide.js" path="C:\Users\Bryan B\PhpstormProjects\StatsCalculator\functions\divide.js">
      <metrics statements="2" coveredstatements="2" conditionals="0" coveredconditionals="0" methods="1" coveredmethods="1"/>
      <line num="2" count="4" type="stmt"/>
      <line num="4" count="4" type="stmt"/>
    </file>
    <file name="multiply.js" path="C:\Users\Bryan B\PhpstormProjects\StatsCalculator\functions\multiply.js">
      <metrics statements="2" coveredstatements="2" conditionals="0" coveredconditionals="0" methods="1" coveredmethods="1"/>
      <line num="2" count="3" type="stmt"/>
      <line num="4" count="4" type="stmt"/>
    </file>
    <file name="square.js" path="C:\Users\Bryan B\PhpstormProjects\StatsCalculator\functions\square.js">
      <metrics statements="2" coveredstatements="2" conditionals="0" coveredconditionals="0" methods="1" coveredmethods="1"/>
      <line num="2" count="3" type="stmt"/>
      <line num="4" count="4" type="stmt"/>
    </file>
    <file name="squareroot.js" path="C:\Users\Bryan B\PhpstormProjects\StatsCalculator\functions\squareroot.js">
      <metrics statements="2" coveredstatements="2" conditionals="0" coveredconditionals="0" methods="1" coveredmethods="1"/>
      <line num="2" count="3" type="stmt"/>
      <line num="4" count="4" type="stmt"/>
    </file>
    <file name="subtract.js" path="C:\Users\Bryan B\PhpstormProjects\StatsCalculator\functions\subtract.js">
      <metrics statements="2" coveredstatements="2" conditionals="0" coveredconditionals="0" methods="1" coveredmethods="1"/>
      <line num="2" count="4" type="stmt"/>
      <line num="4" count="4" type="stmt"/>
    </file>
    <file name="sum.js" path="C:\Users\Bryan B\PhpstormProjects\StatsCalculator\functions\sum.js">
      <metrics statements="7" coveredstatements="7" conditionals="4" coveredconditionals="3" methods="2" coveredmethods="2"/>
      <line num="3" count="24" type="stmt"/>
      <line num="4" count="24" type="cond" truecount="2" falsecount="0"/>
      <line num="5" count="4" type="stmt"/>
      <line num="6" count="17" type="stmt"/>
      <line num="10" count="20" type="stmt"/>
      <line num="12" count="24" type="stmt"/>
      <line num="15" count="4" type="stmt"/>
    </file>
  </project>
</coverage>
