{"C:\\Users\\Bryan B\\PhpstormProjects\\StatsCalculator\\functions\\Calculator.js": {"path":"C:\\Users\\Bryan B\\PhpstormProjects\\StatsCalculator\\functions\\Calculator.js","statementMap":{"0":{"start":{"line":1,"column":23},"end":{"line":1,"column":50}},"1":{"start":{"line":5,"column":8},"end":{"line":9,"column":9}},"2":{"start":{"line":6,"column":12},"end":{"line":6,"column":55}},"3":{"start":{"line":8,"column":12},"end":{"line":8,"column":58}},"4":{"start":{"line":12,"column":8},"end":{"line":12,"column":60}},"5":{"start":{"line":15,"column":8},"end":{"line":15,"column":58}},"6":{"start":{"line":18,"column":8},"end":{"line":18,"column":57}},"7":{"start":{"line":21,"column":8},"end":{"line":21,"column":54}},"8":{"start":{"line":24,"column":8},"end":{"line":24,"column":58}},"9":{"start":{"line":27,"column":0},"end":{"line":27,"column":28}}},"fnMap":{"0":{"name":"(anonymous_0)","decl":{"start":{"line":4,"column":4},"end":{"line":4,"column":5}},"loc":{"start":{"line":4,"column":13},"end":{"line":10,"column":5}},"line":4},"1":{"name":"(anonymous_1)","decl":{"start":{"line":11,"column":4},"end":{"line":11,"column":5}},"loc":{"start":{"line":11,"column":18},"end":{"line":13,"column":5}},"line":11},"2":{"name":"(anonymous_2)","decl":{"start":{"line":14,"column":4},"end":{"line":14,"column":5}},"loc":{"start":{"line":14,"column":16},"end":{"line":16,"column":5}},"line":14},"3":{"name":"(anonymous_3)","decl":{"start":{"line":17,"column":4},"end":{"line":17,"column":5}},"loc":{"start":{"line":17,"column":18},"end":{"line":19,"column":5}},"line":17},"4":{"name":"(anonymous_4)","decl":{"start":{"line":20,"column":4},"end":{"line":20,"column":5}},"loc":{"start":{"line":20,"column":14},"end":{"line":22,"column":5}},"line":20},"5":{"name":"(anonymous_5)","decl":{"start":{"line":23,"column":4},"end":{"line":23,"column":5}},"loc":{"start":{"line":23,"column":18},"end":{"line":25,"column":5}},"line":23}},"branchMap":{"0":{"loc":{"start":{"line":5,"column":8},"end":{"line":9,"column":9}},"type":"if","locations":[{"start":{"line":5,"column":8},"end":{"line":9,"column":9}},{"start":{"line":5,"column":8},"end":{"line":9,"column":9}}],"line":5}},"s":{"0":2,"1":12,"2":11,"3":1,"4":36,"5":11,"6":1,"7":26,"8":4,"9":2},"f":{"0":12,"1":36,"2":11,"3":1,"4":26,"5":4},"b":{"0":[11,1]},"_coverageSchema":"1a1c01bbd47fc00a2c39e90264f33305004495a9","hash":"788758bb6ca215716fed7df6c514dedfa213f587"}
,"C:\\Users\\Bryan B\\PhpstormProjects\\StatsCalculator\\functions\\DescriptiveStatistics.js": {"path":"C:\\Users\\Bryan B\\PhpstormProjects\\StatsCalculator\\functions\\DescriptiveStatistics.js","statementMap":{"0":{"start":{"line":1,"column":19},"end":{"line":1,"column":42}},"1":{"start":{"line":2,"column":15},"end":{"line":2,"column":43}},"2":{"start":{"line":3,"column":18},"end":{"line":3,"column":34}},"3":{"start":{"line":7,"column":8},"end":{"line":7,"column":34}},"4":{"start":{"line":11,"column":18},"end":{"line":11,"column":34}},"5":{"start":{"line":12,"column":24},"end":{"line":12,"column":37}},"6":{"start":{"line":13,"column":8},"end":{"line":13,"column":42}},"7":{"start":{"line":16,"column":22},"end":{"line":16,"column":38}},"8":{"start":{"line":17,"column":28},"end":{"line":17,"column":59}},"9":{"start":{"line":18,"column":12},"end":{"line":18,"column":46}},"10":{"start":{"line":23,"column":24},"end":{"line":23,"column":37}},"11":{"start":{"line":24,"column":8},"end":{"line":28,"column":9}},"12":{"start":{"line":25,"column":12},"end":{"line":25,"column":77}},"13":{"start":{"line":27,"column":12},"end":{"line":27,"column":49}},"14":{"start":{"line":29,"column":8},"end":{"line":29,"column":22}},"15":{"start":{"line":33,"column":20},"end":{"line":33,"column":22}},"16":{"start":{"line":34,"column":20},"end":{"line":34,"column":22}},"17":{"start":{"line":36,"column":23},"end":{"line":36,"column":24}},"18":{"start":{"line":38,"column":8},"end":{"line":44,"column":9}},"19":{"start":{"line":38,"column":21},"end":{"line":38,"column":22}},"20":{"start":{"line":39,"column":12},"end":{"line":39,"column":31}},"21":{"start":{"line":40,"column":12},"end":{"line":40,"column":53}},"22":{"start":{"line":41,"column":12},"end":{"line":43,"column":13}},"23":{"start":{"line":42,"column":16},"end":{"line":42,"column":41}},"24":{"start":{"line":46,"column":8},"end":{"line":51,"column":13}},"25":{"start":{"line":47,"column":12},"end":{"line":51,"column":13}},"26":{"start":{"line":48,"column":16},"end":{"line":50,"column":17}},"27":{"start":{"line":49,"column":20},"end":{"line":49,"column":42}},"28":{"start":{"line":52,"column":8},"end":{"line":52,"column":21}},"29":{"start":{"line":56,"column":19},"end":{"line":56,"column":36}},"30":{"start":{"line":57,"column":24},"end":{"line":57,"column":26}},"31":{"start":{"line":59,"column":8},"end":{"line":63,"column":9}},"32":{"start":{"line":59,"column":21},"end":{"line":59,"column":22}},"33":{"start":{"line":60,"column":26},"end":{"line":60,"column":56}},"34":{"start":{"line":61,"column":12},"end":{"line":61,"column":43}},"35":{"start":{"line":62,"column":12},"end":{"line":62,"column":36}},"36":{"start":{"line":64,"column":22},"end":{"line":64,"column":42}},"37":{"start":{"line":65,"column":8},"end":{"line":65,"column":40}},"38":{"start":{"line":68,"column":23},"end":{"line":68,"column":40}},"39":{"start":{"line":69,"column":28},"end":{"line":69,"column":30}},"40":{"start":{"line":71,"column":12},"end":{"line":75,"column":13}},"41":{"start":{"line":71,"column":25},"end":{"line":71,"column":26}},"42":{"start":{"line":72,"column":30},"end":{"line":72,"column":60}},"43":{"start":{"line":73,"column":16},"end":{"line":73,"column":47}},"44":{"start":{"line":74,"column":16},"end":{"line":74,"column":40}},"45":{"start":{"line":76,"column":26},"end":{"line":76,"column":53}},"46":{"start":{"line":77,"column":12},"end":{"line":77,"column":44}},"47":{"start":{"line":80,"column":21},"end":{"line":80,"column":48}},"48":{"start":{"line":81,"column":17},"end":{"line":81,"column":36}},"49":{"start":{"line":82,"column":17},"end":{"line":82,"column":54}},"50":{"start":{"line":83,"column":17},"end":{"line":83,"column":69}},"51":{"start":{"line":84,"column":8},"end":{"line":84,"column":33}},"52":{"start":{"line":87,"column":8},"end":{"line":87,"column":45}},"53":{"start":{"line":90,"column":8},"end":{"line":90,"column":57}},"54":{"start":{"line":93,"column":8},"end":{"line":93,"column":49}},"55":{"start":{"line":96,"column":8},"end":{"line":96,"column":85}},"56":{"start":{"line":99,"column":19},"end":{"line":99,"column":36}},"57":{"start":{"line":100,"column":24},"end":{"line":100,"column":26}},"58":{"start":{"line":102,"column":8},"end":{"line":106,"column":9}},"59":{"start":{"line":102,"column":21},"end":{"line":102,"column":22}},"60":{"start":{"line":103,"column":26},"end":{"line":103,"column":56}},"61":{"start":{"line":104,"column":12},"end":{"line":104,"column":40}},"62":{"start":{"line":105,"column":12},"end":{"line":105,"column":36}},"63":{"start":{"line":107,"column":8},"end":{"line":107,"column":36}},"64":{"start":{"line":113,"column":0},"end":{"line":113,"column":28}}},"fnMap":{"0":{"name":"(anonymous_0)","decl":{"start":{"line":6,"column":4},"end":{"line":6,"column":5}},"loc":{"start":{"line":6,"column":18},"end":{"line":8,"column":5}},"line":6},"1":{"name":"(anonymous_1)","decl":{"start":{"line":10,"column":4},"end":{"line":10,"column":5}},"loc":{"start":{"line":10,"column":17},"end":{"line":14,"column":5}},"line":10},"2":{"name":"(anonymous_2)","decl":{"start":{"line":15,"column":8},"end":{"line":15,"column":9}},"loc":{"start":{"line":15,"column":28},"end":{"line":19,"column":9}},"line":15},"3":{"name":"(anonymous_3)","decl":{"start":{"line":21,"column":4},"end":{"line":21,"column":5}},"loc":{"start":{"line":21,"column":18},"end":{"line":30,"column":5}},"line":21},"4":{"name":"(anonymous_4)","decl":{"start":{"line":32,"column":4},"end":{"line":32,"column":5}},"loc":{"start":{"line":32,"column":16},"end":{"line":53,"column":5}},"line":32},"5":{"name":"(anonymous_5)","decl":{"start":{"line":55,"column":4},"end":{"line":55,"column":5}},"loc":{"start":{"line":55,"column":24},"end":{"line":66,"column":5}},"line":55},"6":{"name":"(anonymous_6)","decl":{"start":{"line":67,"column":8},"end":{"line":67,"column":9}},"loc":{"start":{"line":67,"column":35},"end":{"line":78,"column":9}},"line":67},"7":{"name":"(anonymous_7)","decl":{"start":{"line":79,"column":4},"end":{"line":79,"column":5}},"loc":{"start":{"line":79,"column":21},"end":{"line":85,"column":5}},"line":79},"8":{"name":"(anonymous_8)","decl":{"start":{"line":86,"column":4},"end":{"line":86,"column":5}},"loc":{"start":{"line":86,"column":20},"end":{"line":88,"column":5}},"line":86},"9":{"name":"(anonymous_9)","decl":{"start":{"line":89,"column":4},"end":{"line":89,"column":5}},"loc":{"start":{"line":89,"column":39},"end":{"line":91,"column":5}},"line":89},"10":{"name":"(anonymous_10)","decl":{"start":{"line":92,"column":4},"end":{"line":92,"column":5}},"loc":{"start":{"line":92,"column":43},"end":{"line":94,"column":5}},"line":92},"11":{"name":"(anonymous_11)","decl":{"start":{"line":95,"column":4},"end":{"line":95,"column":5}},"loc":{"start":{"line":95,"column":29},"end":{"line":97,"column":5}},"line":95},"12":{"name":"(anonymous_12)","decl":{"start":{"line":98,"column":4},"end":{"line":98,"column":5}},"loc":{"start":{"line":98,"column":25},"end":{"line":108,"column":5}},"line":98}},"branchMap":{"0":{"loc":{"start":{"line":24,"column":8},"end":{"line":28,"column":9}},"type":"if","locations":[{"start":{"line":24,"column":8},"end":{"line":28,"column":9}},{"start":{"line":24,"column":8},"end":{"line":28,"column":9}}],"line":24},"1":{"loc":{"start":{"line":40,"column":29},"end":{"line":40,"column":47}},"type":"binary-expr","locations":[{"start":{"line":40,"column":29},"end":{"line":40,"column":42}},{"start":{"line":40,"column":46},"end":{"line":40,"column":47}}],"line":40},"2":{"loc":{"start":{"line":41,"column":12},"end":{"line":43,"column":13}},"type":"if","locations":[{"start":{"line":41,"column":12},"end":{"line":43,"column":13}},{"start":{"line":41,"column":12},"end":{"line":43,"column":13}}],"line":41},"3":{"loc":{"start":{"line":47,"column":12},"end":{"line":51,"column":13}},"type":"if","locations":[{"start":{"line":47,"column":12},"end":{"line":51,"column":13}},{"start":{"line":47,"column":12},"end":{"line":51,"column":13}}],"line":47},"4":{"loc":{"start":{"line":48,"column":16},"end":{"line":50,"column":17}},"type":"if","locations":[{"start":{"line":48,"column":16},"end":{"line":50,"column":17}},{"start":{"line":48,"column":16},"end":{"line":50,"column":17}}],"line":48}},"s":{"0":1,"1":1,"2":1,"3":1,"4":9,"5":9,"6":9,"7":1,"8":1,"9":1,"10":5,"11":5,"12":3,"13":2,"14":5,"15":1,"16":1,"17":1,"18":1,"19":1,"20":5,"21":5,"22":5,"23":3,"24":1,"25":3,"26":3,"27":1,"28":1,"29":2,"30":2,"31":2,"32":2,"33":17,"34":17,"35":17,"36":2,"37":2,"38":1,"39":1,"40":1,"41":1,"42":8,"43":8,"44":8,"45":1,"46":1,"47":1,"48":1,"49":1,"50":1,"51":1,"52":1,"53":1,"54":1,"55":1,"56":1,"57":1,"58":1,"59":1,"60":8,"61":8,"62":8,"63":1,"64":1},"f":{"0":1,"1":9,"2":1,"3":5,"4":1,"5":2,"6":1,"7":1,"8":1,"9":1,"10":1,"11":1,"12":1},"b":{"0":[3,2],"1":[5,3],"2":[3,2],"3":[3,0],"4":[1,2]},"_coverageSchema":"1a1c01bbd47fc00a2c39e90264f33305004495a9","hash":"5a3203e54597e7975b9b98b2e5fbff58dd56df93"}
,"C:\\Users\\Bryan B\\PhpstormProjects\\StatsCalculator\\functions\\MathOperations.js": {"path":"C:\\Users\\Bryan B\\PhpstormProjects\\StatsCalculator\\functions\\MathOperations.js","statementMap":{"0":{"start":{"line":1,"column":17},"end":{"line":1,"column":33}},"1":{"start":{"line":2,"column":17},"end":{"line":2,"column":38}},"2":{"start":{"line":3,"column":15},"end":{"line":3,"column":34}},"3":{"start":{"line":4,"column":17},"end":{"line":4,"column":38}},"4":{"start":{"line":5,"column":15},"end":{"line":5,"column":34}},"5":{"start":{"line":6,"column":19},"end":{"line":6,"column":42}},"6":{"start":{"line":10,"column":8},"end":{"line":14,"column":9}},"7":{"start":{"line":11,"column":12},"end":{"line":11,"column":35}},"8":{"start":{"line":13,"column":12},"end":{"line":13,"column":37}},"9":{"start":{"line":17,"column":8},"end":{"line":17,"column":29}},"10":{"start":{"line":20,"column":8},"end":{"line":20,"column":27}},"11":{"start":{"line":23,"column":8},"end":{"line":23,"column":29}},"12":{"start":{"line":26,"column":8},"end":{"line":26,"column":25}},"13":{"start":{"line":29,"column":8},"end":{"line":29,"column":29}},"14":{"start":{"line":33,"column":0},"end":{"line":33,"column":32}}},"fnMap":{"0":{"name":"(anonymous_0)","decl":{"start":{"line":9,"column":4},"end":{"line":9,"column":5}},"loc":{"start":{"line":9,"column":35},"end":{"line":15,"column":5}},"line":9},"1":{"name":"(anonymous_1)","decl":{"start":{"line":16,"column":4},"end":{"line":16,"column":5}},"loc":{"start":{"line":16,"column":24},"end":{"line":18,"column":5}},"line":16},"2":{"name":"(anonymous_2)","decl":{"start":{"line":19,"column":4},"end":{"line":19,"column":5}},"loc":{"start":{"line":19,"column":25},"end":{"line":21,"column":5}},"line":19},"3":{"name":"(anonymous_3)","decl":{"start":{"line":22,"column":4},"end":{"line":22,"column":5}},"loc":{"start":{"line":22,"column":27},"end":{"line":24,"column":5}},"line":22},"4":{"name":"(anonymous_4)","decl":{"start":{"line":25,"column":4},"end":{"line":25,"column":5}},"loc":{"start":{"line":25,"column":21},"end":{"line":27,"column":5}},"line":25},"5":{"name":"(anonymous_5)","decl":{"start":{"line":28,"column":4},"end":{"line":28,"column":5}},"loc":{"start":{"line":28,"column":25},"end":{"line":30,"column":5}},"line":28}},"branchMap":{"0":{"loc":{"start":{"line":9,"column":15},"end":{"line":9,"column":23}},"type":"default-arg","locations":[{"start":{"line":9,"column":19},"end":{"line":9,"column":23}}],"line":9},"1":{"loc":{"start":{"line":9,"column":25},"end":{"line":9,"column":33}},"type":"default-arg","locations":[{"start":{"line":9,"column":29},"end":{"line":9,"column":33}}],"line":9},"2":{"loc":{"start":{"line":10,"column":8},"end":{"line":14,"column":9}},"type":"if","locations":[{"start":{"line":10,"column":8},"end":{"line":14,"column":9}},{"start":{"line":10,"column":8},"end":{"line":14,"column":9}}],"line":10}},"s":{"0":3,"1":3,"2":3,"3":3,"4":3,"5":3,"6":14,"7":12,"8":2,"9":2,"10":12,"11":37,"12":27,"13":5,"14":3},"f":{"0":14,"1":2,"2":12,"3":37,"4":27,"5":5},"b":{"0":[0],"1":[12],"2":[12,2]},"_coverageSchema":"1a1c01bbd47fc00a2c39e90264f33305004495a9","hash":"2a0d80ad9ae12ac897b8f7319a7533154be00c2b"}
,"C:\\Users\\Bryan B\\PhpstormProjects\\StatsCalculator\\functions\\divide.js": {"path":"C:\\Users\\Bryan B\\PhpstormProjects\\StatsCalculator\\functions\\divide.js","statementMap":{"0":{"start":{"line":2,"column":4},"end":{"line":2,"column":17}},"1":{"start":{"line":4,"column":0},"end":{"line":4,"column":24}}},"fnMap":{"0":{"name":"divide","decl":{"start":{"line":1,"column":9},"end":{"line":1,"column":15}},"loc":{"start":{"line":1,"column":22},"end":{"line":3,"column":1}},"line":1}},"branchMap":{},"s":{"0":13,"1":4},"f":{"0":13},"b":{},"_coverageSchema":"1a1c01bbd47fc00a2c39e90264f33305004495a9","hash":"6820803a3be544e9398ecf2c02c29d65c0f6ac77"}
,"C:\\Users\\Bryan B\\PhpstormProjects\\StatsCalculator\\functions\\multiply.js": {"path":"C:\\Users\\Bryan B\\PhpstormProjects\\StatsCalculator\\functions\\multiply.js","statementMap":{"0":{"start":{"line":2,"column":4},"end":{"line":2,"column":17}},"1":{"start":{"line":4,"column":0},"end":{"line":4,"column":26}}},"fnMap":{"0":{"name":"multiply","decl":{"start":{"line":1,"column":9},"end":{"line":1,"column":17}},"loc":{"start":{"line":1,"column":24},"end":{"line":3,"column":1}},"line":1}},"branchMap":{},"s":{"0":3,"1":4},"f":{"0":3},"b":{},"_coverageSchema":"1a1c01bbd47fc00a2c39e90264f33305004495a9","hash":"8183fe6889e11a04fe1a855a785c2f710ac61ba5"}
,"C:\\Users\\Bryan B\\PhpstormProjects\\StatsCalculator\\functions\\square.js": {"path":"C:\\Users\\Bryan B\\PhpstormProjects\\StatsCalculator\\functions\\square.js","statementMap":{"0":{"start":{"line":2,"column":4},"end":{"line":2,"column":17}},"1":{"start":{"line":4,"column":0},"end":{"line":4,"column":24}}},"fnMap":{"0":{"name":"square","decl":{"start":{"line":1,"column":9},"end":{"line":1,"column":15}},"loc":{"start":{"line":1,"column":19},"end":{"line":3,"column":1}},"line":1}},"branchMap":{},"s":{"0":28,"1":4},"f":{"0":28},"b":{},"_coverageSchema":"1a1c01bbd47fc00a2c39e90264f33305004495a9","hash":"14d49776de2f69c42dc70eff360e37eeaa034058"}
,"C:\\Users\\Bryan B\\PhpstormProjects\\StatsCalculator\\functions\\squareroot.js": {"path":"C:\\Users\\Bryan B\\PhpstormProjects\\StatsCalculator\\functions\\squareroot.js","statementMap":{"0":{"start":{"line":2,"column":4},"end":{"line":2,"column":24}},"1":{"start":{"line":4,"column":0},"end":{"line":4,"column":28}}},"fnMap":{"0":{"name":"squareroot","decl":{"start":{"line":1,"column":9},"end":{"line":1,"column":19}},"loc":{"start":{"line":1,"column":23},"end":{"line":3,"column":1}},"line":1}},"branchMap":{},"s":{"0":6,"1":4},"f":{"0":6},"b":{},"_coverageSchema":"1a1c01bbd47fc00a2c39e90264f33305004495a9","hash":"f7ccead4ad9a372c7e8f9db48ef2d755b2681abf"}
,"C:\\Users\\Bryan B\\PhpstormProjects\\StatsCalculator\\functions\\subtract.js": {"path":"C:\\Users\\Bryan B\\PhpstormProjects\\StatsCalculator\\functions\\subtract.js","statementMap":{"0":{"start":{"line":2,"column":4},"end":{"line":2,"column":17}},"1":{"start":{"line":4,"column":0},"end":{"line":4,"column":26}}},"fnMap":{"0":{"name":"subtract","decl":{"start":{"line":1,"column":9},"end":{"line":1,"column":17}},"loc":{"start":{"line":1,"column":24},"end":{"line":3,"column":1}},"line":1}},"branchMap":{},"s":{"0":38,"1":4},"f":{"0":38},"b":{},"_coverageSchema":"1a1c01bbd47fc00a2c39e90264f33305004495a9","hash":"cc828c593a075d40afd169826dfebc1c2ceb5cd2"}
,"C:\\Users\\Bryan B\\PhpstormProjects\\StatsCalculator\\functions\\sum.js": {"path":"C:\\Users\\Bryan B\\PhpstormProjects\\StatsCalculator\\functions\\sum.js","statementMap":{"0":{"start":{"line":3,"column":21},"end":{"line":3,"column":22}},"1":{"start":{"line":4,"column":8},"end":{"line":11,"column":9}},"2":{"start":{"line":5,"column":12},"end":{"line":7,"column":15}},"3":{"start":{"line":6,"column":16},"end":{"line":6,"column":52}},"4":{"start":{"line":10,"column":12},"end":{"line":10,"column":27}},"5":{"start":{"line":12,"column":8},"end":{"line":12,"column":22}},"6":{"start":{"line":15,"column":0},"end":{"line":15,"column":26}}},"fnMap":{"0":{"name":"(anonymous_0)","decl":{"start":{"line":2,"column":4},"end":{"line":2,"column":5}},"loc":{"start":{"line":2,"column":35},"end":{"line":13,"column":5}},"line":2},"1":{"name":"(anonymous_1)","decl":{"start":{"line":5,"column":22},"end":{"line":5,"column":23}},"loc":{"start":{"line":5,"column":38},"end":{"line":7,"column":13}},"line":5}},"branchMap":{"0":{"loc":{"start":{"line":2,"column":15},"end":{"line":2,"column":23}},"type":"default-arg","locations":[{"start":{"line":2,"column":19},"end":{"line":2,"column":23}}],"line":2},"1":{"loc":{"start":{"line":2,"column":25},"end":{"line":2,"column":33}},"type":"default-arg","locations":[{"start":{"line":2,"column":29},"end":{"line":2,"column":33}}],"line":2},"2":{"loc":{"start":{"line":4,"column":8},"end":{"line":11,"column":9}},"type":"if","locations":[{"start":{"line":4,"column":8},"end":{"line":11,"column":9}},{"start":{"line":4,"column":8},"end":{"line":11,"column":9}}],"line":4}},"s":{"0":108,"1":108,"2":13,"3":92,"4":95,"5":108,"6":4},"f":{"0":108,"1":92},"b":{"0":[0],"1":[13],"2":[13,95]},"_coverageSchema":"1a1c01bbd47fc00a2c39e90264f33305004495a9","hash":"f430b40fc661e1b34417121cd51840327deea08b"}
}
