TN:
SF:functions\Calculator.js
FN:4,(anonymous_0)
FN:11,(anonymous_1)
FN:14,(anonymous_2)
FN:17,(anonymous_3)
FN:20,(anonymous_4)
FN:23,(anonymous_5)
FNF:6
FNH:6
FNDA:3,(anonymous_0)
FNDA:2,(anonymous_1)
FNDA:2,(anonymous_2)
FNDA:1,(anonymous_3)
FNDA:1,(anonymous_4)
FNDA:1,(anonymous_5)
DA:1,2
DA:5,3
DA:6,2
DA:8,1
DA:12,2
DA:15,2
DA:18,1
DA:21,1
DA:24,1
DA:27,2
LF:10
LH:10
BRDA:5,0,0,2
BRDA:5,0,1,1
BRF:2
BRH:2
end_of_record
TN:
SF:functions\DescriptiveStatistics.js
FN:4,(anonymous_0)
FN:7,(anonymous_1)
FNF:2
FNH:2
FNDA:1,(anonymous_0)
FNDA:1,(anonymous_1)
DA:1,1
DA:5,1
DA:8,1
DA:9,1
DA:10,1
DA:14,1
LF:6
LH:6
BRF:0
BRH:0
end_of_record
TN:
SF:functions\MathOperations.js
FN:9,(anonymous_0)
FN:16,(anonymous_1)
FN:19,(anonymous_2)
FN:22,(anonymous_3)
FN:25,(anonymous_4)
FN:28,(anonymous_5)
FNF:6
FNH:6
FNDA:5,(anonymous_0)
FNDA:2,(anonymous_1)
FNDA:3,(anonymous_2)
FNDA:3,(anonymous_3)
FNDA:2,(anonymous_4)
FNDA:2,(anonymous_5)
DA:1,3
DA:2,3
DA:3,3
DA:4,3
DA:5,3
DA:6,3
DA:10,5
DA:11,3
DA:13,2
DA:17,2
DA:20,3
DA:23,3
DA:26,2
DA:29,2
DA:33,3
LF:15
LH:15
BRDA:9,0,0,0
BRDA:9,1,0,3
BRDA:10,2,0,3
BRDA:10,2,1,2
BRF:4
BRH:3
end_of_record
TN:
SF:functions\divide.js
FN:1,divide
FNF:1
FNH:1
FNDA:4,divide
DA:2,4
DA:4,4
LF:2
LH:2
BRF:0
BRH:0
end_of_record
TN:
SF:functions\multiply.js
FN:1,multiply
FNF:1
FNH:1
FNDA:3,multiply
DA:2,3
DA:4,4
LF:2
LH:2
BRF:0
BRH:0
end_of_record
TN:
SF:functions\square.js
FN:1,square
FNF:1
FNH:1
FNDA:3,square
DA:2,3
DA:4,4
LF:2
LH:2
BRF:0
BRH:0
end_of_record
TN:
SF:functions\squareroot.js
FN:1,squareroot
FNF:1
FNH:1
FNDA:3,squareroot
DA:2,3
DA:4,4
LF:2
LH:2
BRF:0
BRH:0
end_of_record
TN:
SF:functions\subtract.js
FN:1,subtract
FNF:1
FNH:1
FNDA:4,subtract
DA:2,4
DA:4,4
LF:2
LH:2
BRF:0
BRH:0
end_of_record
TN:
SF:functions\sum.js
FN:2,(anonymous_0)
FN:5,(anonymous_1)
FNF:2
FNH:2
FNDA:24,(anonymous_0)
FNDA:17,(anonymous_1)
DA:3,24
DA:4,24
DA:5,4
DA:6,17
DA:10,20
DA:12,24
DA:15,4
LF:7
LH:7
BRDA:2,0,0,0
BRDA:2,1,0,4
BRDA:4,2,0,4
BRDA:4,2,1,20
BRF:4
BRH:3
end_of_record
