TN:
SF:functions\Calculator.js
FN:4,(anonymous_0)
FN:11,(anonymous_1)
FN:14,(anonymous_2)
FN:17,(anonymous_3)
FN:20,(anonymous_4)
FN:23,(anonymous_5)
FNF:6
FNH:6
FNDA:12,(anonymous_0)
FNDA:36,(anonymous_1)
FNDA:11,(anonymous_2)
FNDA:1,(anonymous_3)
FNDA:26,(anonymous_4)
FNDA:4,(anonymous_5)
DA:1,2
DA:5,12
DA:6,11
DA:8,1
DA:12,36
DA:15,11
DA:18,1
DA:21,26
DA:24,4
DA:27,2
LF:10
LH:10
BRDA:5,0,0,11
BRDA:5,0,1,1
BRF:2
BRH:2
end_of_record
TN:
SF:functions\DescriptiveStatistics.js
FN:6,(anonymous_0)
FN:10,(anonymous_1)
FN:15,(anonymous_2)
FN:21,(anonymous_3)
FN:32,(anonymous_4)
FN:55,(anonymous_5)
FN:67,(anonymous_6)
FN:79,(anonymous_7)
FN:86,(anonymous_8)
FN:89,(anonymous_9)
FN:92,(anonymous_10)
FN:95,(anonymous_11)
FN:98,(anonymous_12)
FNF:13
FNH:13
FNDA:1,(anonymous_0)
FNDA:9,(anonymous_1)
FNDA:1,(anonymous_2)
FNDA:5,(anonymous_3)
FNDA:1,(anonymous_4)
FNDA:2,(anonymous_5)
FNDA:1,(anonymous_6)
FNDA:1,(anonymous_7)
FNDA:1,(anonymous_8)
FNDA:1,(anonymous_9)
FNDA:1,(anonymous_10)
FNDA:1,(anonymous_11)
FNDA:1,(anonymous_12)
DA:1,1
DA:2,1
DA:3,1
DA:7,1
DA:11,9
DA:12,9
DA:13,9
DA:16,1
DA:17,1
DA:18,1
DA:23,5
DA:24,5
DA:25,3
DA:27,2
DA:29,5
DA:33,1
DA:34,1
DA:36,1
DA:38,1
DA:39,5
DA:40,5
DA:41,5
DA:42,3
DA:46,1
DA:47,3
DA:48,3
DA:49,1
DA:52,1
DA:56,2
DA:57,2
DA:59,2
DA:60,17
DA:61,17
DA:62,17
DA:64,2
DA:65,2
DA:68,1
DA:69,1
DA:71,1
DA:72,8
DA:73,8
DA:74,8
DA:76,1
DA:77,1
DA:80,1
DA:81,1
DA:82,1
DA:83,1
DA:84,1
DA:87,1
DA:90,1
DA:93,1
DA:96,1
DA:99,1
DA:100,1
DA:102,1
DA:103,8
DA:104,8
DA:105,8
DA:107,1
DA:113,1
LF:61
LH:61
BRDA:24,0,0,3
BRDA:24,0,1,2
BRDA:40,1,0,5
BRDA:40,1,1,3
BRDA:41,2,0,3
BRDA:41,2,1,2
BRDA:47,3,0,3
BRDA:47,3,1,0
BRDA:48,4,0,1
BRDA:48,4,1,2
BRF:10
BRH:9
end_of_record
TN:
SF:functions\MathOperations.js
FN:9,(anonymous_0)
FN:16,(anonymous_1)
FN:19,(anonymous_2)
FN:22,(anonymous_3)
FN:25,(anonymous_4)
FN:28,(anonymous_5)
FNF:6
FNH:6
FNDA:14,(anonymous_0)
FNDA:2,(anonymous_1)
FNDA:12,(anonymous_2)
FNDA:37,(anonymous_3)
FNDA:27,(anonymous_4)
FNDA:5,(anonymous_5)
DA:1,3
DA:2,3
DA:3,3
DA:4,3
DA:5,3
DA:6,3
DA:10,14
DA:11,12
DA:13,2
DA:17,2
DA:20,12
DA:23,37
DA:26,27
DA:29,5
DA:33,3
LF:15
LH:15
BRDA:9,0,0,0
BRDA:9,1,0,12
BRDA:10,2,0,12
BRDA:10,2,1,2
BRF:4
BRH:3
end_of_record
TN:
SF:functions\divide.js
FN:1,divide
FNF:1
FNH:1
FNDA:13,divide
DA:2,13
DA:4,4
LF:2
LH:2
BRF:0
BRH:0
end_of_record
TN:
SF:functions\multiply.js
FN:1,multiply
FNF:1
FNH:1
FNDA:3,multiply
DA:2,3
DA:4,4
LF:2
LH:2
BRF:0
BRH:0
end_of_record
TN:
SF:functions\square.js
FN:1,square
FNF:1
FNH:1
FNDA:28,square
DA:2,28
DA:4,4
LF:2
LH:2
BRF:0
BRH:0
end_of_record
TN:
SF:functions\squareroot.js
FN:1,squareroot
FNF:1
FNH:1
FNDA:6,squareroot
DA:2,6
DA:4,4
LF:2
LH:2
BRF:0
BRH:0
end_of_record
TN:
SF:functions\subtract.js
FN:1,subtract
FNF:1
FNH:1
FNDA:38,subtract
DA:2,38
DA:4,4
LF:2
LH:2
BRF:0
BRH:0
end_of_record
TN:
SF:functions\sum.js
FN:2,(anonymous_0)
FN:5,(anonymous_1)
FNF:2
FNH:2
FNDA:108,(anonymous_0)
FNDA:92,(anonymous_1)
DA:3,108
DA:4,108
DA:5,13
DA:6,92
DA:10,95
DA:12,108
DA:15,4
LF:7
LH:7
BRDA:2,0,0,0
BRDA:2,1,0,13
BRDA:4,2,0,13
BRDA:4,2,1,95
BRF:4
BRH:3
end_of_record
