<?xml version="1.0" encoding="UTF-8"?>
<coverage generated="1582577216119" clover="3.2.0">
  <project timestamp="1582577216119" name="All files">
    <metrics statements="17" coveredstatements="15" conditionals="4" coveredconditionals="1" methods="7" coveredmethods="6" elements="28" coveredelements="22" complexity="0" loc="17" ncloc="17" packages="1" files="6" classes="6"/>
    <file name="divide.js" path="C:\Users\bryan\PhpstormProjects\StatsCalculator\functions\divide.js">
      <metrics statements="2" coveredstatements="2" conditionals="0" coveredconditionals="0" methods="1" coveredmethods="1"/>
      <line num="2" count="1" type="stmt"/>
      <line num="4" count="1" type="stmt"/>
    </file>
    <file name="multiply.js" path="C:\Users\bryan\PhpstormProjects\StatsCalculator\functions\multiply.js">
      <metrics statements="2" coveredstatements="2" conditionals="0" coveredconditionals="0" methods="1" coveredmethods="1"/>
      <line num="2" count="1" type="stmt"/>
      <line num="4" count="1" type="stmt"/>
    </file>
    <file name="square.js" path="C:\Users\bryan\PhpstormProjects\StatsCalculator\functions\square.js">
      <metrics statements="2" coveredstatements="2" conditionals="0" coveredconditionals="0" methods="1" coveredmethods="1"/>
      <line num="2" count="1" type="stmt"/>
      <line num="4" count="1" type="stmt"/>
    </file>
    <file name="squareroot.js" path="C:\Users\bryan\PhpstormProjects\StatsCalculator\functions\squareroot.js">
      <metrics statements="2" coveredstatements="2" conditionals="0" coveredconditionals="0" methods="1" coveredmethods="1"/>
      <line num="2" count="1" type="stmt"/>
      <line num="4" count="1" type="stmt"/>
    </file>
    <file name="subtract.js" path="C:\Users\bryan\PhpstormProjects\StatsCalculator\functions\subtract.js">
      <metrics statements="2" coveredstatements="2" conditionals="0" coveredconditionals="0" methods="1" coveredmethods="1"/>
      <line num="2" count="1" type="stmt"/>
      <line num="4" count="1" type="stmt"/>
    </file>
    <file name="sum.js" path="C:\Users\bryan\PhpstormProjects\StatsCalculator\functions\sum.js">
      <metrics statements="7" coveredstatements="5" conditionals="4" coveredconditionals="1" methods="2" coveredmethods="1"/>
      <line num="3" count="1" type="stmt"/>
      <line num="4" count="1" type="cond" truecount="1" falsecount="1"/>
      <line num="5" count="0" type="stmt"/>
      <line num="6" count="0" type="stmt"/>
      <line num="10" count="1" type="stmt"/>
      <line num="12" count="1" type="stmt"/>
      <line num="15" count="1" type="stmt"/>
    </file>
  </project>
</coverage>
