TN:
SF:functions\divide.js
FN:1,divide
FNF:1
FNH:1
FNDA:1,divide
DA:2,1
DA:4,1
LF:2
LH:2
BRF:0
BRH:0
end_of_record
TN:
SF:functions\multiply.js
FN:1,multiply
FNF:1
FNH:1
FNDA:1,multiply
DA:2,1
DA:4,1
LF:2
LH:2
BRF:0
BRH:0
end_of_record
TN:
SF:functions\square.js
FN:1,square
FNF:1
FNH:1
FNDA:1,square
DA:2,1
DA:4,1
LF:2
LH:2
BRF:0
BRH:0
end_of_record
TN:
SF:functions\squareroot.js
FN:1,squareroot
FNF:1
FNH:1
FNDA:1,squareroot
DA:2,1
DA:4,1
LF:2
LH:2
BRF:0
BRH:0
end_of_record
TN:
SF:functions\subtract.js
FN:1,subtract
FNF:1
FNH:1
FNDA:1,subtract
DA:2,1
DA:4,1
LF:2
LH:2
BRF:0
BRH:0
end_of_record
TN:
SF:functions\sum.js
FN:2,(anonymous_0)
FN:5,(anonymous_1)
FNF:2
FNH:1
FNDA:1,(anonymous_0)
FNDA:0,(anonymous_1)
DA:3,1
DA:4,1
DA:5,0
DA:6,0
DA:10,1
DA:12,1
DA:15,1
LF:7
LH:5
BRDA:2,0,0,0
BRDA:2,1,0,0
BRDA:4,2,0,0
BRDA:4,2,1,1
BRF:4
BRH:1
end_of_record
